<?xml version="1.0" encoding="UTF-8"?>
<!-- Generated by org.testng.reporters.JUnitReportReporter -->
<testsuite skipped="0" hostname="mbpro.local" name="ClipboardHealthTest" tests="1" failures="0" timestamp="2022-06-10T15:24:10 MDT" time="13.486" errors="0">
  <testcase name="testNavigateToSecondHighestPriceItemOnAmazon" time="13.486" classname="ClipboardHealthTest"/>
  <system-out>
    <![CDATA[About this item
Resolution : 4K Ultra HD (3840 x 2160) Resolution | Refresh Rate : 120 Hertz
Connectivity: 4 HDMI ports to connect set top box, Blu-ray speakers or a gaming console | 2 USB ports to connect hard drives or other USB devices | One Connect Box for all your connectivity needs
Sound: 60 Watts Output | Powerful Speakers with Dolby Digital Plus
Smart TV Features : Prime Video, Hotstar, Netflix, Zee5 and many more | PC Mode | Universal Guide | Web Browser | Screen Mirroring
Display: 100% Color Volume | Quantum HDR | Quantum Processor | HLG | Mega Contrast | Supreme UHD Dimming
› See more product details]]>
  </system-out>
</testsuite> <!-- ClipboardHealthTest -->
